store/build/outputs/logs/manifest-merger-debug-report.txt
-- Merging decision tree log ---
manifest
ADDED from src\main\AndroidManifest.xml:2:1-431:12
	package
		ADDED from src\main\AndroidManifest.xml:3:5-29
		INJECTED from src\main\AndroidManifest.xml
		INJECTED from src\main\AndroidManifest.xml
	android:versionName
		INJECTED from src\main\AndroidManifest.xml
		INJECTED from src\main\AndroidManifest.xml
	xmlns:android
		ADDED from src\main\AndroidManifest.xml:2:11-69
	android:versionCode
		INJECTED from src\main\AndroidManifest.xml
		INJECTED from src\main\AndroidManifest.xml
uses-sdk
ADDED from src\main\AndroidManifest.xml:5:5-8:41
MERGED from [com.android.support:multidex:1.0.1] AndroidManifest.xml:18:5-42
MERGED from [com.facebook.fresco:fresco:0.11.0] AndroidManifest.xml:5:5-7:41
MERGED from [com.facebook.fresco:drawee:0.11.0] AndroidManifest.xml:5:5-7:41
MERGED from [com.facebook.fresco:animated-gif:0.12.0] AndroidManifest.xml:5:5-7:41
MERGED from [com.facebook.fresco:animated-base:0.12.0] AndroidManifest.xml:5:5-7:41
MERGED from [com.facebook.fresco:imagepipeline:0.12.0] AndroidManifest.xml:5:5-7:41
MERGED from [com.facebook.fresco:imagepipeline-base:0.12.0] AndroidManifest.xml:5:5-7:41
MERGED from [com.facebook.fresco:fbcore:0.12.0] AndroidManifest.xml:5:5-7:41
MERGED from [:common:] AndroidManifest.xml:3:5-73
MERGED from [:commonwidget:] AndroidManifest.xml:3:5-73
MERGED from [:videowidget:] AndroidManifest.xml:3:5-73
MERGED from [main:RestfulApi:unspecified:release] AndroidManifest.xml:5:5-7:41
MERGED from [com.trello:rxlifecycle-components:0.7.0] AndroidManifest.xml:17:5-44
MERGED from [com.trello:rxlifecycle-android:0.7.0] AndroidManifest.xml:17:5-44
MERGED from [com.jakewharton.rxbinding:rxbinding:0.4.0] AndroidManifest.xml:6:5-44
MERGED from [io.reactivex:rxandroid:1.1.0] AndroidManifest.xml:19:5-43
MERGED from [com.google.android.gms:play-services-appindexing:8.4.0] AndroidManifest.xml:18:5-42
MERGED from [com.google.android.gms:play-services-base:8.4.0] AndroidManifest.xml:18:5-42
MERGED from [com.google.android.gms:play-services-basement:8.4.0] AndroidManifest.xml:18:5-42
MERGED from [com.android.support:design:23.2.1] AndroidManifest.xml:20:5-43
MERGED from [com.android.support:appcompat-v7:24.2.0] AndroidManifest.xml:21:5-23:78
MERGED from [com.android.support:animated-vector-drawable:24.2.0] AndroidManifest.xml:20:5-44
MERGED from [com.android.support:support-vector-drawable:24.2.0] AndroidManifest.xml:21:5-43
MERGED from [com.android.support:recyclerview-v7:23.3.0] AndroidManifest.xml:20:5-43
MERGED from [com.android.support:support-v4:24.2.0] AndroidManifest.xml:21:5-23:54
MERGED from [com.android.support:support-fragment:24.2.0] AndroidManifest.xml:21:5-23:60
MERGED from [com.android.support:support-core-utils:24.2.0] AndroidManifest.xml:21:5-23:61
MERGED from [com.android.support:support-media-compat:24.2.0] AndroidManifest.xml:21:5-23:63
MERGED from [com.android.support:support-core-ui:24.2.0] AndroidManifest.xml:21:5-23:58
MERGED from [com.android.support:support-compat:24.2.0] AndroidManifest.xml:21:5-23:58
MERGED from [main:imagelib:unspecified] AndroidManifest.xml:5:5-7:41
	tools:overrideLibrary
		ADDED from [com.android.support:appcompat-v7:24.2.0] AndroidManifest.xml:23:9-75
	android:maxSdkVersion
		ADDED from src\main\AndroidManifest.xml:6:9-35
	android:targetSdkVersion
		ADDED from src\main\AndroidManifest.xml:8:9-38
		INJECTED from src\main\AndroidManifest.xml
		INJECTED from src\main\AndroidManifest.xml
	android:minSdkVersion
		ADDED from src\main\AndroidManifest.xml:7:9-35
		INJECTED from src\main\AndroidManifest.xml
		INJECTED from src\main\AndroidManifest.xml
uses-permission#android.permission.INTERNET
ADDED from src\main\AndroidManifest.xml:11:5-67
	android:name
		ADDED from src\main\AndroidManifest.xml:11:22-64
uses-permission#android.permission.ACCESS_NETWORK_STATE
ADDED from src\main\AndroidManifest.xml:13:5-79
	android:name
		ADDED from src\main\AndroidManifest.xml:13:22-76
uses-permission#android.permission.ACCESS_WIFI_STATE
ADDED from src\main\AndroidManifest.xml:14:5-76
	android:name
		ADDED from src\main\AndroidManifest.xml:14:22-73
uses-permission#android.permission.READ_PHONE_STATE
ADDED from src\main\AndroidManifest.xml:16:5-75
	android:name
		ADDED from src\main\AndroidManifest.xml:16:22-72
uses-permission#android.permission.READ_EXTERNAL_STORAGE
ADDED from src\main\AndroidManifest.xml:17:5-80
	android:name
		ADDED from src\main\AndroidManifest.xml:17:22-77
uses-permission#android.permission.WRITE_EXTERNAL_STORAGE
ADDED from src\main\AndroidManifest.xml:19:5-81
	android:name
		ADDED from src\main\AndroidManifest.xml:19:22-78
uses-permission#android.permission.MOUNT_UNMOUNT_FILESYSTEMS
ADDED from src\main\AndroidManifest.xml:21:5-84
	android:name
		ADDED from src\main\AndroidManifest.xml:21:22-81
uses-permission#android.permission.BLUETOOTH
ADDED from src\main\AndroidManifest.xml:24:5-68
	android:name
		ADDED from src\main\AndroidManifest.xml:24:22-65
uses-permission#android.permission.BLUETOOTH_ADMIN
ADDED from src\main\AndroidManifest.xml:25:5-74
	android:name
		ADDED from src\main\AndroidManifest.xml:25:22-71
uses-permission#android.permission.RESTART_PACKAGES
ADDED from src\main\AndroidManifest.xml:28:5-75
	android:name
		ADDED from src\main\AndroidManifest.xml:28:22-72
uses-permission#android.permission.RECEIVE_BOOT_COMPLETED
ADDED from src\main\AndroidManifest.xml:29:5-81
	android:name
		ADDED from src\main\AndroidManifest.xml:29:22-78
uses-permission#android.permission.WRITE_SETTINGS
ADDED from src\main\AndroidManifest.xml:32:5-73
	android:name
		ADDED from src\main\AndroidManifest.xml:32:22-70
uses-permission#android.permission.VIBRATE
ADDED from src\main\AndroidManifest.xml:33:5-66
	android:name
		ADDED from src\main\AndroidManifest.xml:33:22-63
uses-permission#android.permission.DISABLE_KEYGUARD
ADDED from src\main\AndroidManifest.xml:34:5-75
	android:name
		ADDED from src\main\AndroidManifest.xml:34:22-72
uses-permission#android.permission.ACCESS_COARSE_LOCATION
ADDED from src\main\AndroidManifest.xml:35:5-81
	android:name
		ADDED from src\main\AndroidManifest.xml:35:22-78
uses-permission#baidu.push.permission.WRITE_PUSHINFOPROVIDER.cn.ngame.store
ADDED from src\main\AndroidManifest.xml:36:5-99
	android:name
		ADDED from src\main\AndroidManifest.xml:36:22-96
permission#baidu.push.permission.WRITE_PUSHINFOPROVIDER.cn.ngame.store
ADDED from src\main\AndroidManifest.xml:38:5-40:55
	android:protectionLevel
		ADDED from src\main\AndroidManifest.xml:40:9-41
	android:name
		ADDED from src\main\AndroidManifest.xml:39:9-83
uses-permission#android.permission.GET_TASKS
ADDED from src\main\AndroidManifest.xml:41:5-68
	android:name
		ADDED from src\main\AndroidManifest.xml:41:22-65
uses-feature#android.hardware.bluetooth_le
ADDED from src\main\AndroidManifest.xml:44:5-46:36
	android:required
		ADDED from src\main\AndroidManifest.xml:46:9-33
	android:name
		ADDED from src\main\AndroidManifest.xml:45:9-53
application
ADDED from src\main\AndroidManifest.xml:48:5-429:19
MERGED from [com.google.android.gms:play-services-appindexing:8.4.0] AndroidManifest.xml:19:5-20
MERGED from [com.google.android.gms:play-services-basement:8.4.0] AndroidManifest.xml:20:5-24:19
MERGED from [com.android.support:design:23.2.1] AndroidManifest.xml:22:5-20
MERGED from [com.android.support:appcompat-v7:24.2.0] AndroidManifest.xml:25:5-20
MERGED from [com.android.support:animated-vector-drawable:24.2.0] AndroidManifest.xml:22:5-20
MERGED from [com.android.support:support-vector-drawable:24.2.0] AndroidManifest.xml:23:5-20
MERGED from [com.android.support:support-v4:24.2.0] AndroidManifest.xml:25:5-20
MERGED from [com.android.support:support-fragment:24.2.0] AndroidManifest.xml:25:5-20
MERGED from [com.android.support:support-core-utils:24.2.0] AndroidManifest.xml:25:5-20
MERGED from [com.android.support:support-media-compat:24.2.0] AndroidManifest.xml:25:5-20
MERGED from [com.android.support:support-core-ui:24.2.0] AndroidManifest.xml:25:5-20
MERGED from [com.android.support:support-compat:24.2.0] AndroidManifest.xml:25:5-20
MERGED from [main:imagelib:unspecified] AndroidManifest.xml:9:5-48
	android:label
		ADDED from src\main\AndroidManifest.xml:52:9-41
	android:supportsRtl
		ADDED from src\main\AndroidManifest.xml:53:9-35
	android:allowBackup
		ADDED from src\main\AndroidManifest.xml:50:9-36
	android:icon
		ADDED from src\main\AndroidManifest.xml:51:9-43
	android:theme
		ADDED from src\main\AndroidManifest.xml:54:9-40
	android:name
		ADDED from src\main\AndroidManifest.xml:49:9-41
activity#cn.ngame.store.base.activity.BeginActivity
ADDED from src\main\AndroidManifest.xml:55:9-63:20
	android:screenOrientation
		ADDED from src\main\AndroidManifest.xml:57:13-49
	android:name
		ADDED from src\main\AndroidManifest.xml:56:13-56
intent-filter#android.intent.action.MAIN+android.intent.category.LAUNCHER
ADDED from src\main\AndroidManifest.xml:58:13-62:29
action#android.intent.action.MAIN
ADDED from src\main\AndroidManifest.xml:59:17-69
	android:name
		ADDED from src\main\AndroidManifest.xml:59:25-66
category#android.intent.category.LAUNCHER
ADDED from src\main\AndroidManifest.xml:61:17-77
	android:name
		ADDED from src\main\AndroidManifest.xml:61:27-74
activity#cn.ngame.store.base.activity.GuideViewActivity
ADDED from src\main\AndroidManifest.xml:64:9-66:52
	android:screenOrientation
		ADDED from src\main\AndroidManifest.xml:66:13-49
	android:name
		ADDED from src\main\AndroidManifest.xml:65:13-60
activity#cn.ngame.store.base.activity.WelcomeActivity
ADDED from src\main\AndroidManifest.xml:67:9-71:63
	android:screenOrientation
		ADDED from src\main\AndroidManifest.xml:70:13-49
	android:launchMode
		ADDED from src\main\AndroidManifest.xml:69:13-44
	android:theme
		ADDED from src\main\AndroidManifest.xml:71:13-60
	android:name
		ADDED from src\main\AndroidManifest.xml:68:13-58
activity#cn.ngame.store.activity.PadToolActivity
ADDED from src\main\AndroidManifest.xml:73:9-78:63
	android:screenOrientation
		ADDED from src\main\AndroidManifest.xml:77:13-49
	android:launchMode
		ADDED from src\main\AndroidManifest.xml:76:13-44
	android:configChanges
		ADDED from src\main\AndroidManifest.xml:75:13-83
	android:theme
		ADDED from src\main\AndroidManifest.xml:78:13-60
	android:name
		ADDED from src\main\AndroidManifest.xml:74:13-53
activity#cn.ngame.store.search.view.SearchActivity
ADDED from src\main\AndroidManifest.xml:80:9-84:63
	android:screenOrientation
		ADDED from src\main\AndroidManifest.xml:83:13-49
	android:launchMode
		ADDED from src\main\AndroidManifest.xml:82:13-44
	android:theme
		ADDED from src\main\AndroidManifest.xml:84:13-60
	android:name
		ADDED from src\main\AndroidManifest.xml:81:13-55
activity#cn.ngame.store.user.view.LoginActivity
ADDED from src\main\AndroidManifest.xml:85:9-89:63
	android:screenOrientation
		ADDED from src\main\AndroidManifest.xml:88:13-49
	android:launchMode
		ADDED from src\main\AndroidManifest.xml:87:13-44
	android:theme
		ADDED from src\main\AndroidManifest.xml:89:13-60
	android:name
		ADDED from src\main\AndroidManifest.xml:86:13-52
activity#cn.ngame.store.user.view.RegisterActivity
ADDED from src\main\AndroidManifest.xml:90:9-94:63
	android:screenOrientation
		ADDED from src\main\AndroidManifest.xml:93:13-49
	android:launchMode
		ADDED from src\main\AndroidManifest.xml:92:13-44
	android:theme
		ADDED from src\main\AndroidManifest.xml:94:13-60
	android:name
		ADDED from src\main\AndroidManifest.xml:91:13-55
activity#cn.ngame.store.user.view.FindPwdActivity
ADDED from src\main\AndroidManifest.xml:95:9-99:63
	android:screenOrientation
		ADDED from src\main\AndroidManifest.xml:98:13-49
	android:launchMode
		ADDED from src\main\AndroidManifest.xml:97:13-44
	android:theme
		ADDED from src\main\AndroidManifest.xml:99:13-60
	android:name
		ADDED from src\main\AndroidManifest.xml:96:13-54
activity#cn.ngame.store.game.view.GameDetailActivity
ADDED from src\main\AndroidManifest.xml:100:9-104:63
	android:screenOrientation
		ADDED from src\main\AndroidManifest.xml:103:13-49
	android:launchMode
		ADDED from src\main\AndroidManifest.xml:102:13-44
	android:theme
		ADDED from src\main\AndroidManifest.xml:104:13-60
	android:name
		ADDED from src\main\AndroidManifest.xml:101:13-57
activity#cn.ngame.store.game.view.GameDetail2Activity
ADDED from src\main\AndroidManifest.xml:105:9-107:52
	android:screenOrientation
		ADDED from src\main\AndroidManifest.xml:107:13-49
	android:name
		ADDED from src\main\AndroidManifest.xml:106:13-58
activity#cn.ngame.store.activity.ReviewActivity
ADDED from src\main\AndroidManifest.xml:108:9-112:63
	android:screenOrientation
		ADDED from src\main\AndroidManifest.xml:111:13-49
	android:launchMode
		ADDED from src\main\AndroidManifest.xml:110:13-44
	android:theme
		ADDED from src\main\AndroidManifest.xml:112:13-60
	android:name
		ADDED from src\main\AndroidManifest.xml:109:13-52
activity#cn.ngame.store.activity.ReviewListActivity
ADDED from src\main\AndroidManifest.xml:113:9-117:63
	android:screenOrientation
		ADDED from src\main\AndroidManifest.xml:116:13-49
	android:launchMode
		ADDED from src\main\AndroidManifest.xml:115:13-44
	android:theme
		ADDED from src\main\AndroidManifest.xml:117:13-60
	android:name
		ADDED from src\main\AndroidManifest.xml:114:13-56
activity#cn.ngame.store.base.activity.AboutActivity
ADDED from src\main\AndroidManifest.xml:119:9-123:63
	android:screenOrientation
		ADDED from src\main\AndroidManifest.xml:122:13-49
	android:launchMode
		ADDED from src\main\AndroidManifest.xml:121:13-44
	android:theme
		ADDED from src\main\AndroidManifest.xml:123:13-60
	android:name
		ADDED from src\main\AndroidManifest.xml:120:13-56
activity#cn.ngame.store.base.activity.FeedbackActivity
ADDED from src\main\AndroidManifest.xml:124:9-128:63
	android:screenOrientation
		ADDED from src\main\AndroidManifest.xml:127:13-49
	android:launchMode
		ADDED from src\main\AndroidManifest.xml:126:13-44
	android:theme
		ADDED from src\main\AndroidManifest.xml:128:13-60
	android:name
		ADDED from src\main\AndroidManifest.xml:125:13-59
activity#cn.ngame.store.base.activity.DisclaimerActivity
ADDED from src\main\AndroidManifest.xml:129:9-133:63
	android:screenOrientation
		ADDED from src\main\AndroidManifest.xml:132:13-49
	android:launchMode
		ADDED from src\main\AndroidManifest.xml:131:13-44
	android:theme
		ADDED from src\main\AndroidManifest.xml:133:13-60
	android:name
		ADDED from src\main\AndroidManifest.xml:130:13-61
activity#cn.ngame.store.activity.admin.SettingActivity
ADDED from src\main\AndroidManifest.xml:134:9-138:63
	android:screenOrientation
		ADDED from src\main\AndroidManifest.xml:137:13-49
	android:launchMode
		ADDED from src\main\AndroidManifest.xml:136:13-44
	android:theme
		ADDED from src\main\AndroidManifest.xml:138:13-60
	android:name
		ADDED from src\main\AndroidManifest.xml:135:13-59
activity#cn.ngame.store.user.view.UserCenterActivity
ADDED from src\main\AndroidManifest.xml:140:9-144:63
	android:screenOrientation
		ADDED from src\main\AndroidManifest.xml:143:13-49
	android:launchMode
		ADDED from src\main\AndroidManifest.xml:142:13-44
	android:theme
		ADDED from src\main\AndroidManifest.xml:144:13-60
	android:name
		ADDED from src\main\AndroidManifest.xml:141:13-57
activity#cn.ngame.store.user.view.ChangePhotoActivity
ADDED from src\main\AndroidManifest.xml:145:9-149:63
	android:screenOrientation
		ADDED from src\main\AndroidManifest.xml:148:13-49
	android:launchMode
		ADDED from src\main\AndroidManifest.xml:147:13-44
	android:theme
		ADDED from src\main\AndroidManifest.xml:149:13-60
	android:name
		ADDED from src\main\AndroidManifest.xml:146:13-58
activity#cn.ngame.store.activity.VRVideoActivity
ADDED from src\main\AndroidManifest.xml:150:9-154:63
	android:screenOrientation
		ADDED from src\main\AndroidManifest.xml:153:13-49
	android:launchMode
		ADDED from src\main\AndroidManifest.xml:152:13-44
	android:theme
		ADDED from src\main\AndroidManifest.xml:154:13-60
	android:name
		ADDED from src\main\AndroidManifest.xml:151:13-53
activity#cn.ngame.store.game.view.SBGameActivity
ADDED from src\main\AndroidManifest.xml:155:9-159:63
	android:screenOrientation
		ADDED from src\main\AndroidManifest.xml:158:13-49
	android:launchMode
		ADDED from src\main\AndroidManifest.xml:157:13-44
	android:theme
		ADDED from src\main\AndroidManifest.xml:159:13-60
	android:name
		ADDED from src\main\AndroidManifest.xml:156:13-53
activity#cn.ngame.store.game.view.VRGameActivity
ADDED from src\main\AndroidManifest.xml:160:9-164:63
	android:screenOrientation
		ADDED from src\main\AndroidManifest.xml:163:13-49
	android:launchMode
		ADDED from src\main\AndroidManifest.xml:162:13-44
	android:theme
		ADDED from src\main\AndroidManifest.xml:164:13-60
	android:name
		ADDED from src\main\AndroidManifest.xml:161:13-53
activity#cn.ngame.store.game.view.CPGameActivity
ADDED from src\main\AndroidManifest.xml:165:9-169:63
	android:screenOrientation
		ADDED from src\main\AndroidManifest.xml:168:13-49
	android:launchMode
		ADDED from src\main\AndroidManifest.xml:167:13-44
	android:theme
		ADDED from src\main\AndroidManifest.xml:169:13-60
	android:name
		ADDED from src\main\AndroidManifest.xml:166:13-53
activity#cn.ngame.store.game.view.GameSelectionActivity
ADDED from src\main\AndroidManifest.xml:170:9-174:63
	android:screenOrientation
		ADDED from src\main\AndroidManifest.xml:173:13-49
	android:launchMode
		ADDED from src\main\AndroidManifest.xml:172:13-44
	android:theme
		ADDED from src\main\AndroidManifest.xml:174:13-60
	android:name
		ADDED from src\main\AndroidManifest.xml:171:13-60
activity#cn.ngame.store.game.view.GameRecommendActivity
ADDED from src\main\AndroidManifest.xml:175:9-179:63
	android:screenOrientation
		ADDED from src\main\AndroidManifest.xml:178:13-49
	android:launchMode
		ADDED from src\main\AndroidManifest.xml:177:13-44
	android:theme
		ADDED from src\main\AndroidManifest.xml:179:13-60
	android:name
		ADDED from src\main\AndroidManifest.xml:176:13-60
activity#cn.ngame.store.game.view.GameListActivity
ADDED from src\main\AndroidManifest.xml:180:9-184:63
	android:screenOrientation
		ADDED from src\main\AndroidManifest.xml:183:13-49
	android:launchMode
		ADDED from src\main\AndroidManifest.xml:182:13-44
	android:theme
		ADDED from src\main\AndroidManifest.xml:184:13-60
	android:name
		ADDED from src\main\AndroidManifest.xml:181:13-55
activity#cn.ngame.store.video.view.VideoDetailActivity
ADDED from src\main\AndroidManifest.xml:186:9-190:63
	android:screenOrientation
		ADDED from src\main\AndroidManifest.xml:189:13-49
	android:launchMode
		ADDED from src\main\AndroidManifest.xml:188:13-44
	android:theme
		ADDED from src\main\AndroidManifest.xml:190:13-60
	android:name
		ADDED from src\main\AndroidManifest.xml:187:13-59
activity#cn.ngame.store.video.view.VideoRecommendActivity
ADDED from src\main\AndroidManifest.xml:192:9-196:63
	android:screenOrientation
		ADDED from src\main\AndroidManifest.xml:195:13-49
	android:launchMode
		ADDED from src\main\AndroidManifest.xml:194:13-44
	android:theme
		ADDED from src\main\AndroidManifest.xml:196:13-60
	android:name
		ADDED from src\main\AndroidManifest.xml:193:13-62
activity#cn.ngame.store.video.view.VideoPlayActivity
ADDED from src\main\AndroidManifest.xml:198:9-202:63
	android:screenOrientation
		ADDED from src\main\AndroidManifest.xml:201:13-50
	android:launchMode
		ADDED from src\main\AndroidManifest.xml:200:13-44
	android:theme
		ADDED from src\main\AndroidManifest.xml:202:13-60
	android:name
		ADDED from src\main\AndroidManifest.xml:199:13-57
activity#cn.ngame.store.video.view.VideoPlay3DActivity
ADDED from src\main\AndroidManifest.xml:204:9-208:63
	android:screenOrientation
		ADDED from src\main\AndroidManifest.xml:207:13-50
	android:launchMode
		ADDED from src\main\AndroidManifest.xml:206:13-44
	android:theme
		ADDED from src\main\AndroidManifest.xml:208:13-60
	android:name
		ADDED from src\main\AndroidManifest.xml:205:13-59
activity#cn.ngame.store.video.view.VideoMediaPlayerActivity
ADDED from src\main\AndroidManifest.xml:210:9-214:63
	android:screenOrientation
		ADDED from src\main\AndroidManifest.xml:213:13-50
	android:launchMode
		ADDED from src\main\AndroidManifest.xml:212:13-44
	android:theme
		ADDED from src\main\AndroidManifest.xml:214:13-60
	android:name
		ADDED from src\main\AndroidManifest.xml:211:13-64
activity#com.soundcloud.android.crop.CropImageActivity
ADDED from src\main\AndroidManifest.xml:216:9-218:52
	android:screenOrientation
		ADDED from src\main\AndroidManifest.xml:218:13-49
	android:name
		ADDED from src\main\AndroidManifest.xml:217:13-73
activity#cn.ngame.store.ota.view.OtaActivity
ADDED from src\main\AndroidManifest.xml:220:9-224:63
	android:screenOrientation
		ADDED from src\main\AndroidManifest.xml:223:13-49
	android:launchMode
		ADDED from src\main\AndroidManifest.xml:222:13-44
	android:theme
		ADDED from src\main\AndroidManifest.xml:224:13-60
	android:name
		ADDED from src\main\AndroidManifest.xml:221:13-49
activity#cn.ngame.store.ota.view.OtaHelpActivity
ADDED from src\main\AndroidManifest.xml:226:9-230:63
	android:screenOrientation
		ADDED from src\main\AndroidManifest.xml:229:13-49
	android:launchMode
		ADDED from src\main\AndroidManifest.xml:228:13-44
	android:theme
		ADDED from src\main\AndroidManifest.xml:230:13-60
	android:name
		ADDED from src\main\AndroidManifest.xml:227:13-53
activity#cn.ngame.store.local.view.MyGameActivity
ADDED from src\main\AndroidManifest.xml:232:9-236:63
	android:screenOrientation
		ADDED from src\main\AndroidManifest.xml:235:13-49
	android:launchMode
		ADDED from src\main\AndroidManifest.xml:234:13-44
	android:theme
		ADDED from src\main\AndroidManifest.xml:236:13-60
	android:name
		ADDED from src\main\AndroidManifest.xml:233:13-54
activity#cn.ngame.store.local.view.WatchHistoryActivity
ADDED from src\main\AndroidManifest.xml:238:9-242:63
	android:screenOrientation
		ADDED from src\main\AndroidManifest.xml:241:13-49
	android:launchMode
		ADDED from src\main\AndroidManifest.xml:240:13-44
	android:theme
		ADDED from src\main\AndroidManifest.xml:242:13-60
	android:name
		ADDED from src\main\AndroidManifest.xml:239:13-60
activity#cn.ngame.store.push.view.PushMessageActivity
ADDED from src\main\AndroidManifest.xml:244:9-248:63
	android:screenOrientation
		ADDED from src\main\AndroidManifest.xml:247:13-49
	android:launchMode
		ADDED from src\main\AndroidManifest.xml:246:13-44
	android:theme
		ADDED from src\main\AndroidManifest.xml:248:13-60
	android:name
		ADDED from src\main\AndroidManifest.xml:245:13-58
activity#cn.ngame.store.push.view.MessageDetailActivity
ADDED from src\main\AndroidManifest.xml:250:9-254:63
	android:screenOrientation
		ADDED from src\main\AndroidManifest.xml:253:13-49
	android:launchMode
		ADDED from src\main\AndroidManifest.xml:252:13-44
	android:theme
		ADDED from src\main\AndroidManifest.xml:254:13-60
	android:name
		ADDED from src\main\AndroidManifest.xml:251:13-60
activity#cn.ngame.store.push.view.NotifyMsgDetailActivity
ADDED from src\main\AndroidManifest.xml:256:9-260:63
	android:screenOrientation
		ADDED from src\main\AndroidManifest.xml:259:13-49
	android:launchMode
		ADDED from src\main\AndroidManifest.xml:258:13-44
	android:theme
		ADDED from src\main\AndroidManifest.xml:260:13-60
	android:name
		ADDED from src\main\AndroidManifest.xml:257:13-62
activity#cn.ngame.store.gamehub.view.ReportActivity
ADDED from src\main\AndroidManifest.xml:262:9-264:52
	android:screenOrientation
		ADDED from src\main\AndroidManifest.xml:264:13-49
	android:name
		ADDED from src\main\AndroidManifest.xml:263:13-56
activity#cn.ngame.store.gamehub.view.PostMsgActivity
ADDED from src\main\AndroidManifest.xml:265:9-267:52
	android:screenOrientation
		ADDED from src\main\AndroidManifest.xml:267:13-49
	android:name
		ADDED from src\main\AndroidManifest.xml:266:13-57
activity#cn.ngame.store.gamehub.view.SubmitGameActivity
ADDED from src\main\AndroidManifest.xml:268:9-270:52
	android:screenOrientation
		ADDED from src\main\AndroidManifest.xml:270:13-49
	android:name
		ADDED from src\main\AndroidManifest.xml:269:13-60
activity#cn.ngame.store.gamehub.view.StrategyActivity
ADDED from src\main\AndroidManifest.xml:271:9-273:52
	android:screenOrientation
		ADDED from src\main\AndroidManifest.xml:273:13-49
	android:name
		ADDED from src\main\AndroidManifest.xml:272:13-58
activity#cn.ngame.store.gamehub.view.VoteActivity
ADDED from src\main\AndroidManifest.xml:274:9-276:52
	android:screenOrientation
		ADDED from src\main\AndroidManifest.xml:276:13-49
	android:name
		ADDED from src\main\AndroidManifest.xml:275:13-54
activity#cn.ngame.store.gamehub.view.ChooseModuleActivity
ADDED from src\main\AndroidManifest.xml:277:9-279:52
	android:screenOrientation
		ADDED from src\main\AndroidManifest.xml:279:13-49
	android:name
		ADDED from src\main\AndroidManifest.xml:278:13-62
activity#cn.ngame.store.gamehub.view.ChooseGameActivity
ADDED from src\main\AndroidManifest.xml:280:9-282:52
	android:screenOrientation
		ADDED from src\main\AndroidManifest.xml:282:13-49
	android:name
		ADDED from src\main\AndroidManifest.xml:281:13-60
activity#cn.ngame.store.gamehub.view.NoticeActivity
ADDED from src\main\AndroidManifest.xml:283:9-285:52
	android:screenOrientation
		ADDED from src\main\AndroidManifest.xml:285:13-49
	android:name
		ADDED from src\main\AndroidManifest.xml:284:13-56
activity#cn.ngame.store.gamehub.view.ShowViewActivity
ADDED from src\main\AndroidManifest.xml:286:9-288:52
	android:screenOrientation
		ADDED from src\main\AndroidManifest.xml:288:13-49
	android:name
		ADDED from src\main\AndroidManifest.xml:287:13-58
activity#cn.ngame.store.gamehub.view.SearchPostActivity
ADDED from src\main\AndroidManifest.xml:289:9-291:52
	android:screenOrientation
		ADDED from src\main\AndroidManifest.xml:291:13-49
	android:name
		ADDED from src\main\AndroidManifest.xml:290:13-60
activity#cn.ngame.store.base.activity.AdvertisingPageActivity
ADDED from src\main\AndroidManifest.xml:292:9-294:52
	android:screenOrientation
		ADDED from src\main\AndroidManifest.xml:294:13-49
	android:name
		ADDED from src\main\AndroidManifest.xml:293:13-66
activity#cn.ngame.store.gamehub.view.MsgDetailActivity
ADDED from src\main\AndroidManifest.xml:295:9-298:57
	android:screenOrientation
		ADDED from src\main\AndroidManifest.xml:297:13-49
	android:windowSoftInputMode
		ADDED from src\main\AndroidManifest.xml:298:13-55
	android:name
		ADDED from src\main\AndroidManifest.xml:296:13-59
activity#cn.ngame.store.widget.mulpicture.MulPictureActivity
ADDED from src\main\AndroidManifest.xml:299:9-301:52
	android:screenOrientation
		ADDED from src\main\AndroidManifest.xml:301:13-49
	android:name
		ADDED from src\main\AndroidManifest.xml:300:13-65
activity#cn.ngame.store.activity.main.MainHomeActivity
ADDED from src\main\AndroidManifest.xml:303:9-305:52
	android:screenOrientation
		ADDED from src\main\AndroidManifest.xml:305:13-49
	android:name
		ADDED from src\main\AndroidManifest.xml:304:13-59
activity#cn.ngame.store.activity.main.FictitiousActivity
ADDED from src\main\AndroidManifest.xml:306:9-308:52
	android:screenOrientation
		ADDED from src\main\AndroidManifest.xml:308:13-49
	android:name
		ADDED from src\main\AndroidManifest.xml:307:13-61
activity#cn.ngame.store.activity.main.SelectedTopicsActivity
ADDED from src\main\AndroidManifest.xml:309:9-311:52
	android:screenOrientation
		ADDED from src\main\AndroidManifest.xml:311:13-49
	android:name
		ADDED from src\main\AndroidManifest.xml:310:13-65
activity#cn.ngame.store.activity.main.TopicsDetailActivity
ADDED from src\main\AndroidManifest.xml:312:9-314:52
	android:screenOrientation
		ADDED from src\main\AndroidManifest.xml:314:13-49
	android:name
		ADDED from src\main\AndroidManifest.xml:313:13-63
activity#cn.ngame.store.activity.admin.MyGameDownloadActivity
ADDED from src\main\AndroidManifest.xml:315:9-317:52
	android:screenOrientation
		ADDED from src\main\AndroidManifest.xml:317:13-49
	android:name
		ADDED from src\main\AndroidManifest.xml:316:13-66
activity#cn.ngame.store.activity.admin.FeedbackSucceedActivity
ADDED from src\main\AndroidManifest.xml:318:9-320:52
	android:screenOrientation
		ADDED from src\main\AndroidManifest.xml:320:13-49
	android:name
		ADDED from src\main\AndroidManifest.xml:319:13-67
activity#cn.ngame.store.activity.admin.HelpAndFeedbackActivity
ADDED from src\main\AndroidManifest.xml:321:9-323:52
	android:screenOrientation
		ADDED from src\main\AndroidManifest.xml:323:13-49
	android:name
		ADDED from src\main\AndroidManifest.xml:322:13-67
activity#cn.ngame.store.activity.admin.QuestionListActivity
ADDED from src\main\AndroidManifest.xml:324:9-326:52
	android:screenOrientation
		ADDED from src\main\AndroidManifest.xml:326:13-49
	android:name
		ADDED from src\main\AndroidManifest.xml:325:13-64
activity#cn.ngame.store.activity.admin.QuestionDetailActivity
ADDED from src\main\AndroidManifest.xml:327:9-329:52
	android:screenOrientation
		ADDED from src\main\AndroidManifest.xml:329:13-49
	android:name
		ADDED from src\main\AndroidManifest.xml:328:13-66
activity#cn.ngame.store.activity.admin.SystemInfoActivity
ADDED from src\main\AndroidManifest.xml:330:9-332:52
	android:screenOrientation
		ADDED from src\main\AndroidManifest.xml:332:13-49
	android:name
		ADDED from src\main\AndroidManifest.xml:331:13-62
service#cn.ngame.store.core.fileload.FileLoadService
ADDED from src\main\AndroidManifest.xml:337:9-66
	android:name
		ADDED from src\main\AndroidManifest.xml:337:18-63
service#cn.ngame.store.ota.model.OtaService
ADDED from src\main\AndroidManifest.xml:338:9-57
	android:name
		ADDED from src\main\AndroidManifest.xml:338:18-54
receiver#cn.ngame.store.receiver.NetStatusReceiver
ADDED from src\main\AndroidManifest.xml:340:9-345:20
	android:name
		ADDED from src\main\AndroidManifest.xml:340:19-61
intent-filter#android.net.conn.CONNECTIVITY_CHANGE
ADDED from src\main\AndroidManifest.xml:341:13-344:29
action#android.net.conn.CONNECTIVITY_CHANGE
ADDED from src\main\AndroidManifest.xml:343:17-79
	android:name
		ADDED from src\main\AndroidManifest.xml:343:25-76
receiver#cn.ngame.store.receiver.InstallStatusReceiver